[ExecuteThread: '14' for queue: 'weblogic.kernel.Default'] DEBUG - 17 May 2011 12:02:15,649:TraceFilter - USER	:[		]	TEAM	:[		]	START	--> nextPage[	/cms/Login.do	]	event	[		] (	0	 ms)
[ExecuteThread: '14' for queue: 'weblogic.kernel.Default'] DEBUG - 17 May 2011 12:02:18,743:TraceFilter - USER	:[		]	TEAM	:[		]	END	--> nextPage[	/cms/Login.do	]	event	[		] (	3094	 ms)
[ExecuteThread: '14' for queue: 'weblogic.kernel.Default'] DEBUG - 17 May 2011 12:02:18,774:TraceFilter - USER	:[	SA_MAKER	]	TEAM	:[	SETUP	]	START	--> nextPage[	/cms/Welcome.do	]	event	[	prepare	] (	0	 ms)
[ExecuteThread: '14' for queue: 'weblogic.kernel.Default'] DEBUG - 17 May 2011 12:02:28,774:TraceFilter - USER	:[	SA_MAKER	]	TEAM	:[	SETUP	]	END	--> nextPage[	/cms/Welcome.do	]	event	[	prepare	] (	10000	 ms)
[ExecuteThread: '14' for queue: 'weblogic.kernel.Default'] DEBUG - 17 May 2011 12:02:39,649:TraceFilter - USER	:[	SA_MAKER	]	TEAM	:[	SETUP	]	START	--> nextPage[	/cms/user.do	]	event	[	maker_list_user	] (	0	 ms)
[ExecuteThread: '14' for queue: 'weblogic.kernel.Default'] DEBUG - 17 May 2011 12:02:40,634:TraceFilter - USER	:[	SA_MAKER	]	TEAM	:[	SETUP	]	END	--> nextPage[	/cms/user.do	]	event	[	maker_list_user	] (	985	 ms)
[ExecuteThread: '14' for queue: 'weblogic.kernel.Default'] DEBUG - 17 May 2011 12:02:43,399:TraceFilter - USER	:[	SA_MAKER	]	TEAM	:[	SETUP	]	START	--> nextPage[	/cms/Logout.do	]	event	[	losuser	] (	0	 ms)
[ExecuteThread: '14' for queue: 'weblogic.kernel.Default'] DEBUG - 17 May 2011 12:02:43,743:TraceFilter - USER	:[	SA_MAKER	]	TEAM	:[	SETUP	]	END	--> nextPage[	/cms/Logout.do	]	event	[	losuser	] (	344	 ms)
[ExecuteThread: '14' for queue: 'weblogic.kernel.Default'] DEBUG - 17 May 2011 12:02:53,540:TraceFilter - USER	:[		]	TEAM	:[		]	START	--> nextPage[	/cms/Login.do	]	event	[		] (	0	 ms)
[ExecuteThread: '14' for queue: 'weblogic.kernel.Default'] DEBUG - 17 May 2011 12:02:53,618:TraceFilter - USER	:[		]	TEAM	:[		]	END	--> nextPage[	/cms/Login.do	]	event	[		] (	78	 ms)
[ExecuteThread: '14' for queue: 'weblogic.kernel.Default'] DEBUG - 17 May 2011 12:02:57,868:TraceFilter - USER	:[		]	TEAM	:[		]	START	--> nextPage[	/cms/Login.do	]	event	[		] (	0	 ms)
[ExecuteThread: '14' for queue: 'weblogic.kernel.Default'] DEBUG - 17 May 2011 12:02:58,133:TraceFilter - USER	:[		]	TEAM	:[		]	END	--> nextPage[	/cms/Login.do	]	event	[		] (	265	 ms)
[ExecuteThread: '14' for queue: 'weblogic.kernel.Default'] DEBUG - 17 May 2011 12:02:58,149:TraceFilter - USER	:[	SC_MAKER	]	TEAM	:[	Standard Code	]	START	--> nextPage[	/cms/Welcome.do	]	event	[	prepare	] (	0	 ms)
[ExecuteThread: '14' for queue: 'weblogic.kernel.Default'] DEBUG - 17 May 2011 12:02:58,196:TraceFilter - USER	:[	SC_MAKER	]	TEAM	:[	Standard Code	]	END	--> nextPage[	/cms/Welcome.do	]	event	[	prepare	] (	47	 ms)
[ExecuteThread: '14' for queue: 'weblogic.kernel.Default'] DEBUG - 17 May 2011 12:03:01,258:TraceFilter - USER	:[	SC_MAKER	]	TEAM	:[	Standard Code	]	START	--> nextPage[	/cms/credit_approval.do	]	event	[	prepare_list	] (	0	 ms)
[ExecuteThread: '14' for queue: 'weblogic.kernel.Default'] DEBUG - 17 May 2011 12:03:01,758:TraceFilter - USER	:[	SC_MAKER	]	TEAM	:[	Standard Code	]	END	--> nextPage[	/cms/credit_approval.do	]	event	[	prepare_list	] (	515	 ms)
[ExecuteThread: '13' for queue: 'weblogic.kernel.Default'] DEBUG - 17 May 2011 12:34:02,696:TraceFilter - USER	:[		]	TEAM	:[		]	START	--> nextPage[	/cms/Login.do	]	event	[		] (	0	 ms)
[ExecuteThread: '13' for queue: 'weblogic.kernel.Default'] DEBUG - 17 May 2011 12:34:06,321:TraceFilter - USER	:[		]	TEAM	:[		]	END	--> nextPage[	/cms/Login.do	]	event	[		] (	3625	 ms)
[ExecuteThread: '13' for queue: 'weblogic.kernel.Default'] DEBUG - 17 May 2011 12:34:06,337:TraceFilter - USER	:[	SC_MAKER	]	TEAM	:[	Standard Code	]	START	--> nextPage[	/cms/Welcome.do	]	event	[	prepare	] (	0	 ms)
[ExecuteThread: '13' for queue: 'weblogic.kernel.Default'] DEBUG - 17 May 2011 12:34:14,211:TraceFilter - USER	:[	SC_MAKER	]	TEAM	:[	Standard Code	]	END	--> nextPage[	/cms/Welcome.do	]	event	[	prepare	] (	7874	 ms)
